<?xml version="1.0" encoding="UTF-8"?>
<!-- Generated by org.testng.reporters.JUnitXMLReporter -->
<testsuite ignored="0" hostname="Nividous_PC" failures="0" tests="2" name="Default test" time="32.212" errors="0" timestamp="2021-10-25T20:06:39 IST">
  <testcase classname="com.Nividous.QA.ControlCenter.SmokeTestSuite" name="scheduleAdvanced_014" time="0.031"/>
  <testcase classname="com.Nividous.QA.ControlCenter.SmokeTestSuite" name="scheduleAdvanced_014" time="0.026"/>
</testsuite> <!-- Default test -->
