<?xml version="1.0" encoding="UTF-8"?>
<testng-results ignored="0" total="0" passed="0" failed="0" skipped="0">
  <reporter-output>
  </reporter-output>
  <suite started-at="2021-09-25T12:19:38 IST" name="ControlCenter" finished-at="2021-09-25T12:19:38 IST" duration-ms="21">
    <groups>
    </groups>
    <test started-at="2021-09-25T12:19:38 IST" name="WorkListTests" finished-at="2021-09-25T12:19:38 IST" duration-ms="21">
      <class name="com.Nividous.QA.ControlCenter.AppTest">
        <test-method is-config="true" signature="initializeSuite()[pri:0, instance:com.Nividous.QA.ControlCenter.AppTest@43195e57]" started-at="2021-09-25T12:19:38 IST" name="initializeSuite" finished-at="2021-09-25T12:19:38 IST" duration-ms="20" status="PASS">
          <reporter-output>
          </reporter-output>
        </test-method> <!-- initializeSuite -->
      </class> <!-- com.Nividous.QA.ControlCenter.AppTest -->
    </test> <!-- WorkListTests -->
  </suite> <!-- ControlCenter -->
</testng-results>
