<?xml version="1.0" encoding="UTF-8"?>
<testng-results ignored="0" total="2" passed="2" failed="0" skipped="0">
  <reporter-output>
  </reporter-output>
  <suite started-at="2021-10-25T20:06:06 IST" name="Default suite" finished-at="2021-10-25T20:06:38 IST" duration-ms="32212">
    <groups>
    </groups>
    <test started-at="2021-10-25T20:06:06 IST" name="Default test" finished-at="2021-10-25T20:06:38 IST" duration-ms="32212">
      <class name="com.Nividous.QA.ControlCenter.SmokeTestSuite">
        <test-method is-config="true" signature="initializeSuite()[pri:0, instance:com.Nividous.QA.ControlCenter.SmokeTestSuite@5dd1c9f2]" started-at="2021-10-25T20:06:06 IST" name="initializeSuite" finished-at="2021-10-25T20:06:06 IST" duration-ms="15" status="PASS">
          <reporter-output>
          </reporter-output>
        </test-method> <!-- initializeSuite -->
        <test-method is-config="true" signature="domConfiguration()[pri:0, instance:com.Nividous.QA.ControlCenter.SmokeTestSuite@5dd1c9f2]" started-at="2021-10-25T20:06:06 IST" name="domConfiguration" finished-at="2021-10-25T20:06:06 IST" depends-on-methods="testBase.Base.initializeSuite" duration-ms="103" status="PASS">
          <reporter-output>
          </reporter-output>
        </test-method> <!-- domConfiguration -->
        <test-method is-config="true" signature="initDriver()[pri:0, instance:com.Nividous.QA.ControlCenter.SmokeTestSuite@5dd1c9f2]" started-at="2021-10-25T20:06:06 IST" name="initDriver" finished-at="2021-10-25T20:06:33 IST" duration-ms="26485" status="PASS">
          <reporter-output>
          </reporter-output>
        </test-method> <!-- initDriver -->
        <test-method signature="scheduleAdvanced_014(java.lang.Object)[pri:0, instance:com.Nividous.QA.ControlCenter.SmokeTestSuite@5dd1c9f2]" started-at="2021-10-25T20:06:33 IST" name="scheduleAdvanced_014" data-provider="CronData" finished-at="2021-10-25T20:06:33 IST" duration-ms="31" status="PASS">
          <params>
            <param index="0">
              <value>
                <![CDATA[{TC_Name=0 0 0 ? * * *, TC_No=6}]]>
              </value>
            </param>
          </params>
          <reporter-output>
          </reporter-output>
        </test-method> <!-- scheduleAdvanced_014 -->
        <test-method is-config="true" signature="initDriver()[pri:0, instance:com.Nividous.QA.ControlCenter.SmokeTestSuite@5dd1c9f2]" started-at="2021-10-25T20:06:33 IST" name="initDriver" finished-at="2021-10-25T20:06:38 IST" duration-ms="5446" status="PASS">
          <reporter-output>
          </reporter-output>
        </test-method> <!-- initDriver -->
        <test-method signature="scheduleAdvanced_014(java.lang.Object)[pri:0, instance:com.Nividous.QA.ControlCenter.SmokeTestSuite@5dd1c9f2]" started-at="2021-10-25T20:06:38 IST" name="scheduleAdvanced_014" data-provider="CronData" finished-at="2021-10-25T20:06:38 IST" duration-ms="26" status="PASS">
          <params>
            <param index="0">
              <value>
                <![CDATA[{TC_Name=III, TC_No=7}]]>
              </value>
            </param>
          </params>
          <reporter-output>
          </reporter-output>
        </test-method> <!-- scheduleAdvanced_014 -->
      </class> <!-- com.Nividous.QA.ControlCenter.SmokeTestSuite -->
    </test> <!-- Default test -->
  </suite> <!-- Default suite -->
</testng-results>
